[16-Feb-2025 12:46:25 Europe/Berlin] PHP Warning:  fopen(): Remote host file access not supported, file://../reports/maintenance_reports/maintenance_report_89_20250216_124625.pdf in C:\xampp\htdocs\capstone-pms\vendor\tecnickcom\tcpdf\include\tcpdf_static.php on line 1839
[16-Feb-2025 12:46:25 Europe/Berlin] PHP Warning:  fopen(file://../reports/maintenance_reports/maintenance_report_89_20250216_124625.pdf): Failed to open stream: no suitable wrapper could be found in C:\xampp\htdocs\capstone-pms\vendor\tecnickcom\tcpdf\include\tcpdf_static.php on line 1839
[16-Feb-2025 12:52:35 Europe/Berlin] PHP Warning:  fopen(): Remote host file access not supported, file://../reports/maintenance_reports/maintenance_report_89_20250216_125235.pdf in C:\xampp\htdocs\capstone-pms\vendor\tecnickcom\tcpdf\include\tcpdf_static.php on line 1839
[16-Feb-2025 12:52:35 Europe/Berlin] PHP Warning:  fopen(file://../reports/maintenance_reports/maintenance_report_89_20250216_125235.pdf): Failed to open stream: no suitable wrapper could be found in C:\xampp\htdocs\capstone-pms\vendor\tecnickcom\tcpdf\include\tcpdf_static.php on line 1839
[16-Feb-2025 12:52:48 Europe/Berlin] PHP Warning:  fopen(): Remote host file access not supported, file://../reports/maintenance_reports/maintenance_report_89_20250216_125248.pdf in C:\xampp\htdocs\capstone-pms\vendor\tecnickcom\tcpdf\include\tcpdf_static.php on line 1839
[16-Feb-2025 12:52:48 Europe/Berlin] PHP Warning:  fopen(file://../reports/maintenance_reports/maintenance_report_89_20250216_125248.pdf): Failed to open stream: no suitable wrapper could be found in C:\xampp\htdocs\capstone-pms\vendor\tecnickcom\tcpdf\include\tcpdf_static.php on line 1839
[16-Feb-2025 12:54:11 Europe/Berlin] Maintenance Report Error: TCPDF library not found
[16-Feb-2025 12:57:17 Europe/Berlin] PHP Warning:  fopen(): Remote host file access not supported, file://../reports/maintenance_reports/maintenance_report_89_20250216_125717.pdf in C:\xampp\htdocs\capstone-pms\vendor\tecnickcom\tcpdf\include\tcpdf_static.php on line 1839
[16-Feb-2025 12:57:17 Europe/Berlin] PHP Warning:  fopen(file://../reports/maintenance_reports/maintenance_report_89_20250216_125717.pdf): Failed to open stream: no suitable wrapper could be found in C:\xampp\htdocs\capstone-pms\vendor\tecnickcom\tcpdf\include\tcpdf_static.php on line 1839
[16-Feb-2025 12:59:36 Europe/Berlin] Maintenance Report Error: Failed to save PDF file at: C:\xampp\htdocs\capstone-pms\reports\maintenance_reports\maintenance_report_89_20250216_125936.pdf
[16-Feb-2025 12:59:36 Europe/Berlin] Detailed error: Failed to save PDF file at: C:\xampp\htdocs\capstone-pms\reports\maintenance_reports\maintenance_report_89_20250216_125936.pdf | Stack trace: #0 {main}
[16-Feb-2025 13:03:00 Europe/Berlin] Directory permissions for C:\xampp\htdocs\capstone-pms\staff\..\reports\maintenance_reports: 0777
[16-Feb-2025 13:03:00 Europe/Berlin] Attempting to save PDF at: C:\xampp\htdocs\capstone-pms\staff\..\reports\maintenance_reports\maintenance_report_89_20250216_130300.pdf
[16-Feb-2025 13:03:00 Europe/Berlin] Current working directory: C:\xampp\htdocs\capstone-pms\staff
[16-Feb-2025 13:03:00 Europe/Berlin] PHP process user: kjste
[16-Feb-2025 13:03:00 Europe/Berlin] Maintenance Report Error: TCPDF Output failed for: C:\xampp\htdocs\capstone-pms\staff\..\reports\maintenance_reports\maintenance_report_89_20250216_130300.pdf
[16-Feb-2025 13:03:00 Europe/Berlin] Detailed error: TCPDF Output failed for: C:\xampp\htdocs\capstone-pms\staff\..\reports\maintenance_reports\maintenance_report_89_20250216_130300.pdf | Stack trace: #0 {main}
[16-Feb-2025 13:06:59 Europe/Berlin] Project root: C:\xampp\htdocs\capstone-pms
[16-Feb-2025 13:06:59 Europe/Berlin] PDF directory: C:\xampp\htdocs\capstone-pms\reports\maintenance_reports
[16-Feb-2025 13:06:59 Europe/Berlin] Attempting to save PDF at: C:\xampp\htdocs\capstone-pms\reports\maintenance_reports\maintenance_report_89_20250216_130659.pdf
[16-Feb-2025 13:13:20 Europe/Berlin] Project root: C:\xampp\htdocs\capstone-pms
[16-Feb-2025 13:13:20 Europe/Berlin] PDF directory: C:\xampp\htdocs\capstone-pms\reports\maintenance_reports
[16-Feb-2025 13:13:20 Europe/Berlin] Attempting to save PDF at: C:\xampp\htdocs\capstone-pms\reports\maintenance_reports\maintenance_report_89_20250216_131320.pdf
[16-Feb-2025 13:23:13 Europe/Berlin] Project root: C:\xampp\htdocs\capstone-pms
[16-Feb-2025 13:23:13 Europe/Berlin] PDF directory: C:\xampp\htdocs\capstone-pms\reports\maintenance_reports
[16-Feb-2025 13:23:13 Europe/Berlin] Attempting to save PDF at: C:\xampp\htdocs\capstone-pms\reports\maintenance_reports\maintenance_report_89_20250216_132313.pdf
[17-Feb-2025 15:29:54 Europe/Berlin] Project root: C:\xampp\htdocs\capstone-pms
[17-Feb-2025 15:29:54 Europe/Berlin] PDF directory: C:\xampp\htdocs\capstone-pms\reports\maintenance_reports
[17-Feb-2025 15:29:54 Europe/Berlin] Attempting to save PDF at: C:\xampp\htdocs\capstone-pms\reports\maintenance_reports\maintenance_report_89_20250217_152954.pdf
[18-Feb-2025 13:23:38 Europe/Berlin] Project root: C:\xampp\htdocs\capstone-pms
[18-Feb-2025 13:23:38 Europe/Berlin] PDF directory: C:\xampp\htdocs\capstone-pms\reports\maintenance_reports
[18-Feb-2025 13:23:38 Europe/Berlin] Attempting to save PDF at: C:\xampp\htdocs\capstone-pms\reports\maintenance_reports\maintenance_report_97_20250218_132338.pdf
